<?xml version="1.0" encoding="UTF-8"?>
<coverage generated="1424512818">
  <project timestamp="1424512818">
    <package name="schorsch3000\botBlock">
      <file name="/home/dicky/projects/batBotBlock/src/BlockTest.php">
        <class name="BlockTest" namespace="schorsch3000\botBlock">
          <metrics methods="1" coveredmethods="1" conditionals="0" coveredconditionals="0" statements="2" coveredstatements="2" elements="3" coveredelements="3"/>
        </class>
        <line num="15" type="method" name="blockTest" crap="1" count="3"/>
        <line num="17" type="stmt" count="3"/>
        <line num="18" type="stmt" count="3"/>
        <metrics loc="18" ncloc="12" classes="1" methods="1" coveredmethods="1" conditionals="0" coveredconditionals="0" statements="2" coveredstatements="2" elements="3" coveredelements="3"/>
      </file>
      <file name="/home/dicky/projects/batBotBlock/src/BotBlock.php">
        <class name="BotBlock" namespace="schorsch3000\botBlock">
          <metrics methods="10" coveredmethods="10" conditionals="0" coveredconditionals="0" statements="51" coveredstatements="51" elements="61" coveredelements="61"/>
        </class>
        <line num="11" type="method" name="__construct" crap="3" count="6"/>
        <line num="13" type="stmt" count="6"/>
        <line num="14" type="stmt" count="1"/>
        <line num="15" type="stmt" count="1"/>
        <line num="17" type="stmt" count="6"/>
        <line num="18" type="stmt" count="6"/>
        <line num="19" type="stmt" count="1"/>
        <line num="20" type="stmt" count="1"/>
        <line num="21" type="stmt" count="6"/>
        <line num="22" type="stmt" count="6"/>
        <line num="24" type="method" name="run" crap="3" count="6"/>
        <line num="26" type="stmt" count="6"/>
        <line num="27" type="stmt" count="6"/>
        <line num="28" type="stmt" count="3"/>
        <line num="29" type="stmt" count="3"/>
        <line num="30" type="stmt" count="6"/>
        <line num="31" type="stmt" count="1"/>
        <line num="32" type="stmt" count="1"/>
        <line num="33" type="stmt" count="6"/>
        <line num="35" type="method" name="block" crap="1" count="3"/>
        <line num="37" type="stmt" count="3"/>
        <line num="38" type="stmt" count="3"/>
        <line num="41" type="method" name="addToblockList" crap="1" count="3"/>
        <line num="43" type="stmt" count="3"/>
        <line num="44" type="stmt" count="3"/>
        <line num="45" type="stmt" count="3"/>
        <line num="47" type="method" name="isInblockList" crap="3" count="5"/>
        <line num="49" type="stmt" count="5"/>
        <line num="50" type="stmt" count="3"/>
        <line num="52" type="stmt" count="2"/>
        <line num="53" type="stmt" count="1"/>
        <line num="55" type="stmt" count="1"/>
        <line num="56" type="stmt" count="1"/>
        <line num="57" type="stmt" count="1"/>
        <line num="60" type="method" name="isInTrapList" crap="1" count="6"/>
        <line num="62" type="stmt" count="6"/>
        <line num="65" type="method" name="readConfig" crap="2" count="6"/>
        <line num="67" type="stmt" count="6"/>
        <line num="68" type="stmt" count="1"/>
        <line num="69" type="stmt" count="1"/>
        <line num="70" type="stmt" count="1"/>
        <line num="71" type="stmt" count="6"/>
        <line num="72" type="stmt" count="6"/>
        <line num="74" type="method" name="writeConfig" crap="1" count="5"/>
        <line num="76" type="stmt" count="5"/>
        <line num="77" type="stmt" count="5"/>
        <line num="79" type="method" name="createDefaultConfig" crap="1" count="1"/>
        <line num="81" type="stmt" count="1"/>
        <line num="82" type="stmt" count="1"/>
        <line num="84" type="method" name="cleanUp" crap="4" count="1"/>
        <line num="86" type="stmt" count="1"/>
        <line num="87" type="stmt" count="1"/>
        <line num="88" type="stmt" count="1"/>
        <line num="89" type="stmt" count="1"/>
        <line num="91" type="stmt" count="1"/>
        <line num="92" type="stmt" count="1"/>
        <line num="93" type="stmt" count="1"/>
        <line num="94" type="stmt" count="1"/>
        <line num="95" type="stmt" count="1"/>
        <line num="96" type="stmt" count="1"/>
        <line num="98" type="stmt" count="1"/>
        <metrics loc="98" ncloc="98" classes="1" methods="10" coveredmethods="10" conditionals="0" coveredconditionals="0" statements="51" coveredstatements="51" elements="61" coveredelements="61"/>
      </file>
    </package>
    <metrics files="2" loc="116" ncloc="110" classes="2" methods="11" coveredmethods="11" conditionals="0" coveredconditionals="0" statements="53" coveredstatements="53" elements="64" coveredelements="64"/>
  </project>
</coverage>
